<?xml version="1.0" ?>
<!DOCTYPE coverage SYSTEM "http://cobertura.sourceforge.net/xml/coverage-04.dtd">
<coverage lines-valid="187"  lines-covered="109"  line-rate="0.5829"  branches-valid="72"  branches-covered="32"  branch-rate="0.44439999999999996"  timestamp="1481114318159" complexity="0" version="0.1">
<sources>
	<source>/Users/eduardoboucas/Sites/api-wrapper-core</source>
</sources>
<packages>
	<package name="api-wrapper-core"  line-rate="1"  branch-rate="1" >
	<classes>
		<class name="index.js"  filename="index.js"  line-rate="1"  branch-rate="1" >
		<methods>
			<method name="(anonymous_1)"  hits="8"  signature="()V" >
				<lines><line number="3"  hits="8" /></lines>
			</method>
		</methods>
		<lines>
			<line number="3"  hits="1"  branch="false" />
			<line number="4"  hits="8"  branch="false" />
			<line number="6"  hits="8"  branch="false" />
			<line number="23"  hits="1"  branch="false" />
			<line number="29"  hits="1"  branch="false" />
			<line number="35"  hits="1"  branch="false" />
			<line number="37"  hits="1"  branch="false" />
		</lines>
		</class>
	</classes>
	</package>
	<package name="api-wrapper-core.lib"  line-rate="0.5667"  branch-rate="0.44439999999999996" >
	<classes>
		<class name="filters.js"  filename="lib/filters.js"  line-rate="0.4337"  branch-rate="0" >
		<methods>
			<method name="(anonymous_1)"  hits="1"  signature="()V" >
				<lines><line number="3"  hits="1" /></lines>
			</method>
			<method name="(anonymous_2)"  hits="0"  signature="()V" >
				<lines><line number="11"  hits="0" /></lines>
			</method>
			<method name="(anonymous_3)"  hits="1"  signature="()V" >
				<lines><line number="24"  hits="1" /></lines>
			</method>
			<method name="(anonymous_4)"  hits="8"  signature="()V" >
				<lines><line number="37"  hits="8" /></lines>
			</method>
			<method name="(anonymous_5)"  hits="0"  signature="()V" >
				<lines><line number="50"  hits="0" /></lines>
			</method>
			<method name="(anonymous_6)"  hits="0"  signature="()V" >
				<lines><line number="64"  hits="0" /></lines>
			</method>
			<method name="(anonymous_7)"  hits="8"  signature="()V" >
				<lines><line number="78"  hits="8" /></lines>
			</method>
			<method name="(anonymous_8)"  hits="0"  signature="()V" >
				<lines><line number="91"  hits="0" /></lines>
			</method>
			<method name="(anonymous_9)"  hits="0"  signature="()V" >
				<lines><line number="95"  hits="0" /></lines>
			</method>
			<method name="(anonymous_10)"  hits="8"  signature="()V" >
				<lines><line number="112"  hits="8" /></lines>
			</method>
			<method name="(anonymous_11)"  hits="0"  signature="()V" >
				<lines><line number="125"  hits="0" /></lines>
			</method>
			<method name="(anonymous_12)"  hits="0"  signature="()V" >
				<lines><line number="139"  hits="0" /></lines>
			</method>
			<method name="(anonymous_13)"  hits="0"  signature="()V" >
				<lines><line number="153"  hits="0" /></lines>
			</method>
			<method name="(anonymous_14)"  hits="0"  signature="()V" >
				<lines><line number="167"  hits="0" /></lines>
			</method>
			<method name="(anonymous_15)"  hits="0"  signature="()V" >
				<lines><line number="180"  hits="0" /></lines>
			</method>
			<method name="(anonymous_16)"  hits="0"  signature="()V" >
				<lines><line number="194"  hits="0" /></lines>
			</method>
			<method name="(anonymous_17)"  hits="0"  signature="()V" >
				<lines><line number="207"  hits="0" /></lines>
			</method>
			<method name="(anonymous_18)"  hits="3"  signature="()V" >
				<lines><line number="221"  hits="3" /></lines>
			</method>
			<method name="(anonymous_19)"  hits="0"  signature="()V" >
				<lines><line number="235"  hits="0" /></lines>
			</method>
			<method name="(anonymous_20)"  hits="0"  signature="()V" >
				<lines><line number="249"  hits="0" /></lines>
			</method>
			<method name="(anonymous_21)"  hits="0"  signature="()V" >
				<lines><line number="263"  hits="0" /></lines>
			</method>
			<method name="(anonymous_22)"  hits="0"  signature="()V" >
				<lines><line number="277"  hits="0" /></lines>
			</method>
			<method name="(anonymous_23)"  hits="0"  signature="()V" >
				<lines><line number="291"  hits="0" /></lines>
			</method>
			<method name="(anonymous_24)"  hits="0"  signature="()V" >
				<lines><line number="309"  hits="0" /></lines>
			</method>
			<method name="(anonymous_25)"  hits="0"  signature="()V" >
				<lines><line number="323"  hits="0" /></lines>
			</method>
			<method name="(anonymous_26)"  hits="0"  signature="()V" >
				<lines><line number="336"  hits="0" /></lines>
			</method>
			<method name="(anonymous_27)"  hits="0"  signature="()V" >
				<lines><line number="349"  hits="0" /></lines>
			</method>
		</methods>
		<lines>
			<line number="3"  hits="1"  branch="false" />
			<line number="11"  hits="1"  branch="false" />
			<line number="12"  hits="0"  branch="false" />
			<line number="14"  hits="0"  branch="false" />
			<line number="24"  hits="1"  branch="false" />
			<line number="25"  hits="1"  branch="false" />
			<line number="27"  hits="1"  branch="false" />
			<line number="37"  hits="1"  branch="false" />
			<line number="38"  hits="8"  branch="false" />
			<line number="40"  hits="8"  branch="false" />
			<line number="50"  hits="1"  branch="false" />
			<line number="51"  hits="0"  branch="false" />
			<line number="53"  hits="0"  branch="false" />
			<line number="64"  hits="1"  branch="false" />
			<line number="65"  hits="0"  branch="true"  condition-coverage="0% (0/2)" />
			<line number="66"  hits="0"  branch="true"  condition-coverage="0% (0/2)" />
			<line number="68"  hits="0"  branch="false" />
			<line number="78"  hits="1"  branch="false" />
			<line number="79"  hits="8"  branch="false" />
			<line number="81"  hits="8"  branch="false" />
			<line number="91"  hits="1"  branch="false" />
			<line number="92"  hits="0"  branch="true"  condition-coverage="0% (0/2)" />
			<line number="93"  hits="0"  branch="false" />
			<line number="95"  hits="0"  branch="false" />
			<line number="96"  hits="0"  branch="false" />
			<line number="99"  hits="0"  branch="false" />
			<line number="102"  hits="0"  branch="false" />
			<line number="112"  hits="1"  branch="false" />
			<line number="113"  hits="8"  branch="false" />
			<line number="115"  hits="8"  branch="false" />
			<line number="125"  hits="1"  branch="false" />
			<line number="126"  hits="0"  branch="false" />
			<line number="128"  hits="0"  branch="false" />
			<line number="139"  hits="1"  branch="false" />
			<line number="140"  hits="0"  branch="false" />
			<line number="142"  hits="0"  branch="false" />
			<line number="153"  hits="1"  branch="false" />
			<line number="154"  hits="0"  branch="false" />
			<line number="156"  hits="0"  branch="false" />
			<line number="167"  hits="1"  branch="false" />
			<line number="168"  hits="0"  branch="false" />
			<line number="170"  hits="0"  branch="false" />
			<line number="180"  hits="1"  branch="false" />
			<line number="181"  hits="0"  branch="false" />
			<line number="183"  hits="0"  branch="false" />
			<line number="194"  hits="1"  branch="false" />
			<line number="195"  hits="0"  branch="false" />
			<line number="197"  hits="0"  branch="false" />
			<line number="207"  hits="1"  branch="false" />
			<line number="208"  hits="0"  branch="false" />
			<line number="210"  hits="0"  branch="false" />
			<line number="221"  hits="1"  branch="false" />
			<line number="222"  hits="3"  branch="false" />
			<line number="224"  hits="3"  branch="false" />
			<line number="235"  hits="1"  branch="false" />
			<line number="236"  hits="0"  branch="false" />
			<line number="238"  hits="0"  branch="false" />
			<line number="249"  hits="1"  branch="false" />
			<line number="250"  hits="0"  branch="false" />
			<line number="252"  hits="0"  branch="false" />
			<line number="263"  hits="1"  branch="false" />
			<line number="264"  hits="0"  branch="false" />
			<line number="266"  hits="0"  branch="false" />
			<line number="277"  hits="1"  branch="false" />
			<line number="278"  hits="0"  branch="false" />
			<line number="280"  hits="0"  branch="false" />
			<line number="291"  hits="1"  branch="false" />
			<line number="292"  hits="0"  branch="true"  condition-coverage="0% (0/2)" />
			<line number="293"  hits="0"  branch="false" />
			<line number="295"  hits="0"  branch="false" />
			<line number="298"  hits="0"  branch="false" />
			<line number="309"  hits="1"  branch="false" />
			<line number="310"  hits="0"  branch="false" />
			<line number="312"  hits="0"  branch="false" />
			<line number="323"  hits="1"  branch="false" />
			<line number="324"  hits="0"  branch="false" />
			<line number="326"  hits="0"  branch="false" />
			<line number="336"  hits="1"  branch="false" />
			<line number="337"  hits="0"  branch="false" />
			<line number="339"  hits="0"  branch="false" />
			<line number="349"  hits="1"  branch="false" />
			<line number="350"  hits="0"  branch="false" />
			<line number="352"  hits="0"  branch="false" />
		</lines>
		</class>
		<class name="helpers.js"  filename="lib/helpers.js"  line-rate="0.6912"  branch-rate="0.52" >
		<methods>
			<method name="(anonymous_1)"  hits="1"  signature="()V" >
				<lines><line number="6"  hits="1" /></lines>
			</method>
			<method name="(anonymous_2)"  hits="3"  signature="()V" >
				<lines><line number="16"  hits="3" /></lines>
			</method>
			<method name="(anonymous_3)"  hits="10"  signature="()V" >
				<lines><line number="39"  hits="10" /></lines>
			</method>
			<method name="(anonymous_4)"  hits="5"  signature="()V" >
				<lines><line number="124"  hits="5" /></lines>
			</method>
			<method name="(anonymous_5)"  hits="0"  signature="()V" >
				<lines><line number="146"  hits="0" /></lines>
			</method>
			<method name="(anonymous_6)"  hits="0"  signature="()V" >
				<lines><line number="158"  hits="0" /></lines>
			</method>
			<method name="(anonymous_7)"  hits="0"  signature="()V" >
				<lines><line number="171"  hits="0" /></lines>
			</method>
		</methods>
		<lines>
			<line number="3"  hits="1"  branch="false" />
			<line number="4"  hits="1"  branch="false" />
			<line number="6"  hits="1"  branch="false" />
			<line number="16"  hits="1"  branch="false" />
			<line number="17"  hits="3"  branch="true"  condition-coverage="50% (1/2)" />
			<line number="18"  hits="3"  branch="false" />
			<line number="21"  hits="3"  branch="true"  condition-coverage="50% (1/2)" />
			<line number="22"  hits="3"  branch="false" />
			<line number="25"  hits="3"  branch="true"  condition-coverage="50% (1/2)" />
			<line number="26"  hits="3"  branch="false" />
			<line number="28"  hits="0"  branch="false" />
			<line number="39"  hits="1"  branch="false" />
			<line number="40"  hits="10"  branch="true"  condition-coverage="100% (2/2)" />
			<line number="42"  hits="10"  branch="false" />
			<line number="44"  hits="10"  branch="false" />
			<line number="45"  hits="10"  branch="false" />
			<line number="47"  hits="10"  branch="true"  condition-coverage="50% (2/4)" />
			<line number="48"  hits="0"  branch="false" />
			<line number="50"  hits="10"  branch="true"  condition-coverage="50% (1/2)" />
			<line number="52"  hits="10"  branch="true"  condition-coverage="50% (1/2)" />
			<line number="53"  hits="10"  branch="true"  condition-coverage="50% (1/2)" />
			<line number="54"  hits="10"  branch="false" />
			<line number="56"  hits="0"  branch="false" />
			<line number="60"  hits="10"  branch="true"  condition-coverage="100% (2/2)" />
			<line number="61"  hits="2"  branch="false" />
			<line number="64"  hits="10"  branch="true"  condition-coverage="100% (2/2)" />
			<line number="65"  hits="2"  branch="false" />
			<line number="68"  hits="10"  branch="true"  condition-coverage="50% (1/2)" />
			<line number="69"  hits="0"  branch="false" />
			<line number="72"  hits="10"  branch="true"  condition-coverage="100% (2/2)" />
			<line number="73"  hits="2"  branch="false" />
			<line number="75"  hits="2"  branch="true"  condition-coverage="50% (1/2)" />
			<line number="76"  hits="2"  branch="false" />
			<line number="79"  hits="2"  branch="true"  condition-coverage="50% (1/2)" />
			<line number="80"  hits="0"  branch="false" />
			<line number="83"  hits="2"  branch="true"  condition-coverage="50% (1/2)" />
			<line number="84"  hits="0"  branch="false" />
			<line number="87"  hits="2"  branch="true"  condition-coverage="50% (1/2)" />
			<line number="88"  hits="0"  branch="false" />
			<line number="91"  hits="2"  branch="true"  condition-coverage="50% (1/2)" />
			<line number="92"  hits="0"  branch="false" />
			<line number="95"  hits="2"  branch="true"  condition-coverage="50% (1/2)" />
			<line number="96"  hits="0"  branch="false" />
			<line number="99"  hits="2"  branch="true"  condition-coverage="50% (1/2)" />
			<line number="100"  hits="0"  branch="false" />
			<line number="103"  hits="2"  branch="false" />
			<line number="105"  hits="2"  branch="true"  condition-coverage="50% (1/2)" />
			<line number="106"  hits="2"  branch="false" />
			<line number="110"  hits="10"  branch="true"  condition-coverage="50% (1/2)" />
			<line number="111"  hits="0"  branch="false" />
			<line number="114"  hits="10"  branch="false" />
			<line number="124"  hits="1"  branch="false" />
			<line number="125"  hits="5"  branch="false" />
			<line number="126"  hits="5"  branch="false" />
			<line number="136"  hits="5"  branch="false" />
			<line number="146"  hits="1"  branch="false" />
			<line number="147"  hits="0"  branch="true"  condition-coverage="0% (0/4)" />
			<line number="148"  hits="0"  branch="false" />
			<line number="158"  hits="1"  branch="false" />
			<line number="159"  hits="0"  branch="false" />
			<line number="160"  hits="0"  branch="false" />
			<line number="161"  hits="0"  branch="false" />
			<line number="171"  hits="1"  branch="false" />
			<line number="172"  hits="0"  branch="false" />
			<line number="174"  hits="0"  branch="false" />
			<line number="175"  hits="0"  branch="true"  condition-coverage="0% (0/2)" />
			<line number="176"  hits="0"  branch="false" />
			<line number="180"  hits="0"  branch="false" />
		</lines>
		</class>
		<class name="terminators.js"  filename="lib/terminators.js"  line-rate="0.6552"  branch-rate="0.4286" >
		<methods>
			<method name="(anonymous_1)"  hits="1"  signature="()V" >
				<lines><line number="3"  hits="1" /></lines>
			</method>
			<method name="(anonymous_2)"  hits="0"  signature="()V" >
				<lines><line number="12"  hits="0" /></lines>
			</method>
			<method name="(anonymous_3)"  hits="1"  signature="()V" >
				<lines><line number="40"  hits="1" /></lines>
			</method>
			<method name="(anonymous_4)"  hits="2"  signature="()V" >
				<lines><line number="54"  hits="2" /></lines>
			</method>
			<method name="(anonymous_5)"  hits="1"  signature="()V" >
				<lines><line number="74"  hits="1" /></lines>
			</method>
			<method name="(anonymous_6)"  hits="1"  signature="()V" >
				<lines><line number="93"  hits="1" /></lines>
			</method>
			<method name="(anonymous_7)"  hits="1"  signature="()V" >
				<lines><line number="106"  hits="1" /></lines>
			</method>
			<method name="(anonymous_8)"  hits="0"  signature="()V" >
				<lines><line number="121"  hits="0" /></lines>
			</method>
			<method name="(anonymous_9)"  hits="1"  signature="()V" >
				<lines><line number="136"  hits="1" /></lines>
			</method>
		</methods>
		<lines>
			<line number="3"  hits="1"  branch="false" />
			<line number="12"  hits="1"  branch="false" />
			<line number="13"  hits="0"  branch="true"  condition-coverage="0% (0/2)" />
			<line number="14"  hits="0"  branch="false" />
			<line number="17"  hits="0"  branch="true"  condition-coverage="0% (0/2)" />
			<line number="18"  hits="0"  branch="false" />
			<line number="21"  hits="0"  branch="true"  condition-coverage="0% (0/2)" />
			<line number="22"  hits="0"  branch="false" />
			<line number="25"  hits="0"  branch="false" />
			<line number="40"  hits="1"  branch="false" />
			<line number="41"  hits="1"  branch="false" />
			<line number="54"  hits="1"  branch="false" />
			<line number="55"  hits="2"  branch="true"  condition-coverage="100% (2/2)" />
			<line number="56"  hits="1"  branch="false" />
			<line number="59"  hits="1"  branch="false" />
			<line number="74"  hits="1"  branch="false" />
			<line number="75"  hits="1"  branch="true"  condition-coverage="75% (3/4)" />
			<line number="76"  hits="0"  branch="false" />
			<line number="79"  hits="1"  branch="false" />
			<line number="93"  hits="1"  branch="false" />
			<line number="94"  hits="1"  branch="false" />
			<line number="106"  hits="1"  branch="false" />
			<line number="107"  hits="1"  branch="false" />
			<line number="121"  hits="1"  branch="false" />
			<line number="122"  hits="0"  branch="false" />
			<line number="136"  hits="1"  branch="false" />
			<line number="137"  hits="1"  branch="true"  condition-coverage="50% (1/2)" />
			<line number="138"  hits="1"  branch="false" />
			<line number="141"  hits="0"  branch="false" />
		</lines>
		</class>
	</classes>
	</package>
</packages>
</coverage>
