{"/Users/eduardoboucas/Sites/api-wrapper-core/index.js":{"path":"/Users/eduardoboucas/Sites/api-wrapper-core/index.js","s":{"1":1,"2":8,"3":8,"4":1,"5":1,"6":1,"7":1},"b":{},"f":{"1":8},"fnMap":{"1":{"name":"(anonymous_1)","line":3,"loc":{"start":{"line":3,"column":19},"end":{"line":3,"column":38}}}},"statementMap":{"1":{"start":{"line":3,"column":0},"end":{"line":17,"column":1}},"2":{"start":{"line":4,"column":2},"end":{"line":4,"column":24}},"3":{"start":{"line":6,"column":2},"end":{"line":16,"column":3}},"4":{"start":{"line":23,"column":0},"end":{"line":23,"column":36}},"5":{"start":{"line":29,"column":0},"end":{"line":29,"column":36}},"6":{"start":{"line":35,"column":0},"end":{"line":35,"column":40}},"7":{"start":{"line":37,"column":0},"end":{"line":37,"column":27}}},"branchMap":{}},"/Users/eduardoboucas/Sites/api-wrapper-core/lib/helpers.js":{"path":"/Users/eduardoboucas/Sites/api-wrapper-core/lib/helpers.js","s":{"1":1,"2":1,"3":1,"4":1,"5":3,"6":3,"7":3,"8":3,"9":3,"10":3,"11":0,"12":1,"13":10,"14":10,"15":10,"16":10,"17":10,"18":0,"19":10,"20":10,"21":10,"22":10,"23":0,"24":10,"25":2,"26":10,"27":2,"28":10,"29":0,"30":10,"31":2,"32":2,"33":2,"34":2,"35":0,"36":2,"37":0,"38":2,"39":0,"40":2,"41":0,"42":2,"43":0,"44":2,"45":0,"46":2,"47":2,"48":2,"49":10,"50":0,"51":10,"52":1,"53":5,"54":5,"55":5,"56":1,"57":0,"58":0,"59":1,"60":0,"61":0,"62":0,"63":1,"64":0,"65":0,"66":0,"67":0,"68":0},"b":{"1":[3,0],"2":[3,0],"3":[3,0],"4":[10,2],"5":[0,10],"6":[10,0],"7":[10,0],"8":[10,0],"9":[10,0],"10":[2,8],"11":[2,8],"12":[0,10],"13":[2,8],"14":[2,0],"15":[0,2],"16":[0,2],"17":[0,2],"18":[0,2],"19":[0,2],"20":[0,2],"21":[2,0],"22":[0,10],"23":[0,0],"24":[0,0],"25":[0,0]},"f":{"1":1,"2":3,"3":10,"4":5,"5":0,"6":0,"7":0},"fnMap":{"1":{"name":"(anonymous_1)","line":6,"loc":{"start":{"line":6,"column":17},"end":{"line":6,"column":39}}},"2":{"name":"(anonymous_2)","line":16,"loc":{"start":{"line":16,"column":37},"end":{"line":16,"column":71}}},"3":{"name":"(anonymous_3)","line":39,"loc":{"start":{"line":39,"column":35},"end":{"line":39,"column":54}}},"4":{"name":"(anonymous_4)","line":124,"loc":{"start":{"line":124,"column":46},"end":{"line":124,"column":65}}},"5":{"name":"(anonymous_5)","line":146,"loc":{"start":{"line":146,"column":30},"end":{"line":146,"column":49}}},"6":{"name":"(anonymous_6)","line":158,"loc":{"start":{"line":158,"column":32},"end":{"line":158,"column":44}}},"7":{"name":"(anonymous_7)","line":171,"loc":{"start":{"line":171,"column":50},"end":{"line":171,"column":70}}}},"statementMap":{"1":{"start":{"line":3,"column":0},"end":{"line":3,"column":42}},"2":{"start":{"line":4,"column":0},"end":{"line":4,"column":26}},"3":{"start":{"line":6,"column":0},"end":{"line":182,"column":1}},"4":{"start":{"line":16,"column":2},"end":{"line":30,"column":3}},"5":{"start":{"line":17,"column":4},"end":{"line":19,"column":5}},"6":{"start":{"line":18,"column":6},"end":{"line":18,"column":21}},"7":{"start":{"line":21,"column":4},"end":{"line":23,"column":5}},"8":{"start":{"line":22,"column":6},"end":{"line":22,"column":28}},"9":{"start":{"line":25,"column":4},"end":{"line":29,"column":5}},"10":{"start":{"line":26,"column":6},"end":{"line":26,"column":34}},"11":{"start":{"line":28,"column":6},"end":{"line":28,"column":41}},"12":{"start":{"line":39,"column":2},"end":{"line":115,"column":3}},"13":{"start":{"line":40,"column":4},"end":{"line":40,"column":27}},"14":{"start":{"line":42,"column":4},"end":{"line":42,"column":16}},"15":{"start":{"line":44,"column":4},"end":{"line":44,"column":27}},"16":{"start":{"line":45,"column":4},"end":{"line":45,"column":34}},"17":{"start":{"line":47,"column":4},"end":{"line":58,"column":5}},"18":{"start":{"line":48,"column":6},"end":{"line":48,"column":19}},"19":{"start":{"line":50,"column":6},"end":{"line":50,"column":99}},"20":{"start":{"line":52,"column":6},"end":{"line":57,"column":7}},"21":{"start":{"line":53,"column":8},"end":{"line":53,"column":104}},"22":{"start":{"line":54,"column":8},"end":{"line":54,"column":36}},"23":{"start":{"line":56,"column":8},"end":{"line":56,"column":34}},"24":{"start":{"line":60,"column":4},"end":{"line":62,"column":5}},"25":{"start":{"line":61,"column":6},"end":{"line":61,"column":22}},"26":{"start":{"line":64,"column":4},"end":{"line":66,"column":5}},"27":{"start":{"line":65,"column":6},"end":{"line":65,"column":21}},"28":{"start":{"line":68,"column":4},"end":{"line":70,"column":5}},"29":{"start":{"line":69,"column":6},"end":{"line":69,"column":21}},"30":{"start":{"line":72,"column":4},"end":{"line":108,"column":5}},"31":{"start":{"line":73,"column":6},"end":{"line":73,"column":21}},"32":{"start":{"line":75,"column":6},"end":{"line":77,"column":7}},"33":{"start":{"line":76,"column":8},"end":{"line":76,"column":50}},"34":{"start":{"line":79,"column":6},"end":{"line":81,"column":7}},"35":{"start":{"line":80,"column":8},"end":{"line":80,"column":35}},"36":{"start":{"line":83,"column":6},"end":{"line":85,"column":7}},"37":{"start":{"line":84,"column":8},"end":{"line":84,"column":33}},"38":{"start":{"line":87,"column":6},"end":{"line":89,"column":7}},"39":{"start":{"line":88,"column":8},"end":{"line":88,"column":31}},"40":{"start":{"line":91,"column":6},"end":{"line":93,"column":7}},"41":{"start":{"line":92,"column":8},"end":{"line":92,"column":37}},"42":{"start":{"line":95,"column":6},"end":{"line":97,"column":7}},"43":{"start":{"line":96,"column":8},"end":{"line":96,"column":44}},"44":{"start":{"line":99,"column":6},"end":{"line":101,"column":7}},"45":{"start":{"line":100,"column":8},"end":{"line":100,"column":47}},"46":{"start":{"line":103,"column":6},"end":{"line":103,"column":73}},"47":{"start":{"line":105,"column":6},"end":{"line":107,"column":7}},"48":{"start":{"line":106,"column":8},"end":{"line":106,"column":30}},"49":{"start":{"line":110,"column":4},"end":{"line":112,"column":5}},"50":{"start":{"line":111,"column":6},"end":{"line":111,"column":29}},"51":{"start":{"line":114,"column":4},"end":{"line":114,"column":14}},"52":{"start":{"line":124,"column":2},"end":{"line":137,"column":3}},"53":{"start":{"line":125,"column":4},"end":{"line":125,"column":44}},"54":{"start":{"line":126,"column":4},"end":{"line":134,"column":6}},"55":{"start":{"line":136,"column":4},"end":{"line":136,"column":21}},"56":{"start":{"line":146,"column":2},"end":{"line":150,"column":3}},"57":{"start":{"line":147,"column":4},"end":{"line":149,"column":5}},"58":{"start":{"line":148,"column":6},"end":{"line":148,"column":50}},"59":{"start":{"line":158,"column":2},"end":{"line":162,"column":3}},"60":{"start":{"line":159,"column":4},"end":{"line":159,"column":20}},"61":{"start":{"line":160,"column":4},"end":{"line":160,"column":34}},"62":{"start":{"line":161,"column":4},"end":{"line":161,"column":35}},"63":{"start":{"line":171,"column":2},"end":{"line":181,"column":3}},"64":{"start":{"line":172,"column":4},"end":{"line":172,"column":30}},"65":{"start":{"line":174,"column":4},"end":{"line":178,"column":6}},"66":{"start":{"line":175,"column":6},"end":{"line":177,"column":7}},"67":{"start":{"line":176,"column":8},"end":{"line":176,"column":56}},"68":{"start":{"line":180,"column":4},"end":{"line":180,"column":28}}},"branchMap":{"1":{"line":17,"type":"if","locations":[{"start":{"line":17,"column":4},"end":{"line":17,"column":4}},{"start":{"line":17,"column":4},"end":{"line":17,"column":4}}]},"2":{"line":21,"type":"if","locations":[{"start":{"line":21,"column":4},"end":{"line":21,"column":4}},{"start":{"line":21,"column":4},"end":{"line":21,"column":4}}]},"3":{"line":25,"type":"if","locations":[{"start":{"line":25,"column":4},"end":{"line":25,"column":4}},{"start":{"line":25,"column":4},"end":{"line":25,"column":4}}]},"4":{"line":40,"type":"binary-expr","locations":[{"start":{"line":40,"column":14},"end":{"line":40,"column":21}},{"start":{"line":40,"column":25},"end":{"line":40,"column":27}}]},"5":{"line":47,"type":"if","locations":[{"start":{"line":47,"column":4},"end":{"line":47,"column":4}},{"start":{"line":47,"column":4},"end":{"line":47,"column":4}}]},"6":{"line":47,"type":"binary-expr","locations":[{"start":{"line":47,"column":8},"end":{"line":47,"column":24}},{"start":{"line":47,"column":28},"end":{"line":47,"column":42}}]},"7":{"line":50,"type":"cond-expr","locations":[{"start":{"line":50,"column":57},"end":{"line":50,"column":75}},{"start":{"line":50,"column":78},"end":{"line":50,"column":98}}]},"8":{"line":52,"type":"if","locations":[{"start":{"line":52,"column":6},"end":{"line":52,"column":6}},{"start":{"line":52,"column":6},"end":{"line":52,"column":6}}]},"9":{"line":53,"type":"cond-expr","locations":[{"start":{"line":53,"column":60},"end":{"line":53,"column":79}},{"start":{"line":53,"column":82},"end":{"line":53,"column":103}}]},"10":{"line":60,"type":"if","locations":[{"start":{"line":60,"column":4},"end":{"line":60,"column":4}},{"start":{"line":60,"column":4},"end":{"line":60,"column":4}}]},"11":{"line":64,"type":"if","locations":[{"start":{"line":64,"column":4},"end":{"line":64,"column":4}},{"start":{"line":64,"column":4},"end":{"line":64,"column":4}}]},"12":{"line":68,"type":"if","locations":[{"start":{"line":68,"column":4},"end":{"line":68,"column":4}},{"start":{"line":68,"column":4},"end":{"line":68,"column":4}}]},"13":{"line":72,"type":"if","locations":[{"start":{"line":72,"column":4},"end":{"line":72,"column":4}},{"start":{"line":72,"column":4},"end":{"line":72,"column":4}}]},"14":{"line":75,"type":"if","locations":[{"start":{"line":75,"column":6},"end":{"line":75,"column":6}},{"start":{"line":75,"column":6},"end":{"line":75,"column":6}}]},"15":{"line":79,"type":"if","locations":[{"start":{"line":79,"column":6},"end":{"line":79,"column":6}},{"start":{"line":79,"column":6},"end":{"line":79,"column":6}}]},"16":{"line":83,"type":"if","locations":[{"start":{"line":83,"column":6},"end":{"line":83,"column":6}},{"start":{"line":83,"column":6},"end":{"line":83,"column":6}}]},"17":{"line":87,"type":"if","locations":[{"start":{"line":87,"column":6},"end":{"line":87,"column":6}},{"start":{"line":87,"column":6},"end":{"line":87,"column":6}}]},"18":{"line":91,"type":"if","locations":[{"start":{"line":91,"column":6},"end":{"line":91,"column":6}},{"start":{"line":91,"column":6},"end":{"line":91,"column":6}}]},"19":{"line":95,"type":"if","locations":[{"start":{"line":95,"column":6},"end":{"line":95,"column":6}},{"start":{"line":95,"column":6},"end":{"line":95,"column":6}}]},"20":{"line":99,"type":"if","locations":[{"start":{"line":99,"column":6},"end":{"line":99,"column":6}},{"start":{"line":99,"column":6},"end":{"line":99,"column":6}}]},"21":{"line":105,"type":"if","locations":[{"start":{"line":105,"column":6},"end":{"line":105,"column":6}},{"start":{"line":105,"column":6},"end":{"line":105,"column":6}}]},"22":{"line":110,"type":"if","locations":[{"start":{"line":110,"column":4},"end":{"line":110,"column":4}},{"start":{"line":110,"column":4},"end":{"line":110,"column":4}}]},"23":{"line":147,"type":"if","locations":[{"start":{"line":147,"column":4},"end":{"line":147,"column":4}},{"start":{"line":147,"column":4},"end":{"line":147,"column":4}}]},"24":{"line":147,"type":"binary-expr","locations":[{"start":{"line":147,"column":8},"end":{"line":147,"column":15}},{"start":{"line":147,"column":19},"end":{"line":147,"column":30}}]},"25":{"line":175,"type":"if","locations":[{"start":{"line":175,"column":6},"end":{"line":175,"column":6}},{"start":{"line":175,"column":6},"end":{"line":175,"column":6}}]}}},"/Users/eduardoboucas/Sites/api-wrapper-core/lib/filters.js":{"path":"/Users/eduardoboucas/Sites/api-wrapper-core/lib/filters.js","s":{"1":1,"2":1,"3":0,"4":0,"5":1,"6":1,"7":1,"8":1,"9":8,"10":8,"11":1,"12":0,"13":0,"14":1,"15":0,"16":0,"17":0,"18":1,"19":8,"20":8,"21":1,"22":0,"23":0,"24":0,"25":0,"26":0,"27":0,"28":1,"29":8,"30":8,"31":1,"32":0,"33":0,"34":1,"35":0,"36":0,"37":1,"38":0,"39":0,"40":1,"41":0,"42":0,"43":1,"44":0,"45":0,"46":1,"47":0,"48":0,"49":1,"50":0,"51":0,"52":1,"53":3,"54":3,"55":1,"56":0,"57":0,"58":1,"59":0,"60":0,"61":1,"62":0,"63":0,"64":1,"65":0,"66":0,"67":1,"68":0,"69":0,"70":0,"71":0,"72":1,"73":0,"74":0,"75":1,"76":0,"77":0,"78":1,"79":0,"80":0,"81":1,"82":0,"83":0},"b":{"1":[0,0],"2":[0,0],"3":[0,0],"4":[0,0]},"f":{"1":1,"2":0,"3":1,"4":8,"5":0,"6":0,"7":8,"8":0,"9":0,"10":8,"11":0,"12":0,"13":0,"14":0,"15":0,"16":0,"17":0,"18":3,"19":0,"20":0,"21":0,"22":0,"23":0,"24":0,"25":0,"26":0,"27":0},"fnMap":{"1":{"name":"(anonymous_1)","line":3,"loc":{"start":{"line":3,"column":17},"end":{"line":3,"column":39}}},"2":{"name":"(anonymous_2)","line":11,"loc":{"start":{"line":11,"column":38},"end":{"line":11,"column":58}}},"3":{"name":"(anonymous_3)","line":24,"loc":{"start":{"line":24,"column":34},"end":{"line":24,"column":50}}},"4":{"name":"(anonymous_4)","line":37,"loc":{"start":{"line":37,"column":28},"end":{"line":37,"column":50}}},"5":{"name":"(anonymous_5)","line":50,"loc":{"start":{"line":50,"column":33},"end":{"line":50,"column":50}}},"6":{"name":"(anonymous_6)","line":64,"loc":{"start":{"line":64,"column":32},"end":{"line":64,"column":64}}},"7":{"name":"(anonymous_7)","line":78,"loc":{"start":{"line":78,"column":37},"end":{"line":78,"column":57}}},"8":{"name":"(anonymous_8)","line":91,"loc":{"start":{"line":91,"column":35},"end":{"line":91,"column":53}}},"9":{"name":"(anonymous_9)","line":95,"loc":{"start":{"line":95,"column":21},"end":{"line":95,"column":38}}},"10":{"name":"(anonymous_10)","line":112,"loc":{"start":{"line":112,"column":36},"end":{"line":112,"column":55}}},"11":{"name":"(anonymous_11)","line":125,"loc":{"start":{"line":125,"column":31},"end":{"line":125,"column":48}}},"12":{"name":"(anonymous_12)","line":139,"loc":{"start":{"line":139,"column":46},"end":{"line":139,"column":70}}},"13":{"name":"(anonymous_13)","line":153,"loc":{"start":{"line":153,"column":44},"end":{"line":153,"column":68}}},"14":{"name":"(anonymous_14)","line":167,"loc":{"start":{"line":167,"column":50},"end":{"line":167,"column":74}}},"15":{"name":"(anonymous_15)","line":180,"loc":{"start":{"line":180,"column":48},"end":{"line":180,"column":65}}},"16":{"name":"(anonymous_16)","line":194,"loc":{"start":{"line":194,"column":44},"end":{"line":194,"column":68}}},"17":{"name":"(anonymous_17)","line":207,"loc":{"start":{"line":207,"column":42},"end":{"line":207,"column":59}}},"18":{"name":"(anonymous_18)","line":221,"loc":{"start":{"line":221,"column":45},"end":{"line":221,"column":69}}},"19":{"name":"(anonymous_19)","line":235,"loc":{"start":{"line":235,"column":49},"end":{"line":235,"column":73}}},"20":{"name":"(anonymous_20)","line":249,"loc":{"start":{"line":249,"column":58},"end":{"line":249,"column":82}}},"21":{"name":"(anonymous_21)","line":263,"loc":{"start":{"line":263,"column":46},"end":{"line":263,"column":70}}},"22":{"name":"(anonymous_22)","line":277,"loc":{"start":{"line":277,"column":55},"end":{"line":277,"column":79}}},"23":{"name":"(anonymous_23)","line":291,"loc":{"start":{"line":291,"column":48},"end":{"line":291,"column":72}}},"24":{"name":"(anonymous_24)","line":309,"loc":{"start":{"line":309,"column":46},"end":{"line":309,"column":72}}},"25":{"name":"(anonymous_25)","line":323,"loc":{"start":{"line":323,"column":43},"end":{"line":323,"column":69}}},"26":{"name":"(anonymous_26)","line":336,"loc":{"start":{"line":336,"column":41},"end":{"line":336,"column":58}}},"27":{"name":"(anonymous_27)","line":349,"loc":{"start":{"line":349,"column":40},"end":{"line":349,"column":57}}}},"statementMap":{"1":{"start":{"line":3,"column":0},"end":{"line":354,"column":1}},"2":{"start":{"line":11,"column":2},"end":{"line":15,"column":3}},"3":{"start":{"line":12,"column":4},"end":{"line":12,"column":28}},"4":{"start":{"line":14,"column":4},"end":{"line":14,"column":15}},"5":{"start":{"line":24,"column":2},"end":{"line":28,"column":3}},"6":{"start":{"line":25,"column":4},"end":{"line":25,"column":20}},"7":{"start":{"line":27,"column":4},"end":{"line":27,"column":15}},"8":{"start":{"line":37,"column":2},"end":{"line":41,"column":3}},"9":{"start":{"line":38,"column":4},"end":{"line":38,"column":32}},"10":{"start":{"line":40,"column":4},"end":{"line":40,"column":15}},"11":{"start":{"line":50,"column":2},"end":{"line":54,"column":3}},"12":{"start":{"line":51,"column":4},"end":{"line":51,"column":22}},"13":{"start":{"line":53,"column":4},"end":{"line":53,"column":15}},"14":{"start":{"line":64,"column":2},"end":{"line":69,"column":3}},"15":{"start":{"line":65,"column":4},"end":{"line":65,"column":31}},"16":{"start":{"line":66,"column":4},"end":{"line":66,"column":58}},"17":{"start":{"line":68,"column":4},"end":{"line":68,"column":15}},"18":{"start":{"line":78,"column":2},"end":{"line":82,"column":3}},"19":{"start":{"line":79,"column":4},"end":{"line":79,"column":34}},"20":{"start":{"line":81,"column":4},"end":{"line":81,"column":15}},"21":{"start":{"line":91,"column":2},"end":{"line":103,"column":3}},"22":{"start":{"line":92,"column":4},"end":{"line":100,"column":5}},"23":{"start":{"line":93,"column":6},"end":{"line":93,"column":24}},"24":{"start":{"line":95,"column":6},"end":{"line":97,"column":8}},"25":{"start":{"line":96,"column":8},"end":{"line":96,"column":28}},"26":{"start":{"line":99,"column":6},"end":{"line":99,"column":45}},"27":{"start":{"line":102,"column":4},"end":{"line":102,"column":15}},"28":{"start":{"line":112,"column":2},"end":{"line":116,"column":3}},"29":{"start":{"line":113,"column":4},"end":{"line":113,"column":32}},"30":{"start":{"line":115,"column":4},"end":{"line":115,"column":15}},"31":{"start":{"line":125,"column":2},"end":{"line":129,"column":3}},"32":{"start":{"line":126,"column":4},"end":{"line":126,"column":22}},"33":{"start":{"line":128,"column":4},"end":{"line":128,"column":15}},"34":{"start":{"line":139,"column":2},"end":{"line":143,"column":3}},"35":{"start":{"line":140,"column":4},"end":{"line":140,"column":50}},"36":{"start":{"line":142,"column":4},"end":{"line":142,"column":15}},"37":{"start":{"line":153,"column":2},"end":{"line":157,"column":3}},"38":{"start":{"line":154,"column":4},"end":{"line":154,"column":44}},"39":{"start":{"line":156,"column":4},"end":{"line":156,"column":15}},"40":{"start":{"line":167,"column":2},"end":{"line":171,"column":3}},"41":{"start":{"line":168,"column":4},"end":{"line":168,"column":55}},"42":{"start":{"line":170,"column":4},"end":{"line":170,"column":15}},"43":{"start":{"line":180,"column":2},"end":{"line":184,"column":3}},"44":{"start":{"line":181,"column":4},"end":{"line":181,"column":40}},"45":{"start":{"line":183,"column":4},"end":{"line":183,"column":15}},"46":{"start":{"line":194,"column":2},"end":{"line":198,"column":3}},"47":{"start":{"line":195,"column":4},"end":{"line":195,"column":50}},"48":{"start":{"line":197,"column":4},"end":{"line":197,"column":15}},"49":{"start":{"line":207,"column":2},"end":{"line":211,"column":3}},"50":{"start":{"line":208,"column":4},"end":{"line":208,"column":40}},"51":{"start":{"line":210,"column":4},"end":{"line":210,"column":15}},"52":{"start":{"line":221,"column":2},"end":{"line":225,"column":3}},"53":{"start":{"line":222,"column":4},"end":{"line":222,"column":34}},"54":{"start":{"line":224,"column":4},"end":{"line":224,"column":15}},"55":{"start":{"line":235,"column":2},"end":{"line":239,"column":3}},"56":{"start":{"line":236,"column":4},"end":{"line":236,"column":41}},"57":{"start":{"line":238,"column":4},"end":{"line":238,"column":15}},"58":{"start":{"line":249,"column":2},"end":{"line":253,"column":3}},"59":{"start":{"line":250,"column":4},"end":{"line":250,"column":42}},"60":{"start":{"line":252,"column":4},"end":{"line":252,"column":15}},"61":{"start":{"line":263,"column":2},"end":{"line":267,"column":3}},"62":{"start":{"line":264,"column":4},"end":{"line":264,"column":41}},"63":{"start":{"line":266,"column":4},"end":{"line":266,"column":15}},"64":{"start":{"line":277,"column":2},"end":{"line":281,"column":3}},"65":{"start":{"line":278,"column":4},"end":{"line":278,"column":42}},"66":{"start":{"line":280,"column":4},"end":{"line":280,"column":15}},"67":{"start":{"line":291,"column":2},"end":{"line":299,"column":3}},"68":{"start":{"line":292,"column":4},"end":{"line":296,"column":5}},"69":{"start":{"line":293,"column":6},"end":{"line":293,"column":59}},"70":{"start":{"line":295,"column":6},"end":{"line":295,"column":43}},"71":{"start":{"line":298,"column":4},"end":{"line":298,"column":15}},"72":{"start":{"line":309,"column":2},"end":{"line":313,"column":3}},"73":{"start":{"line":310,"column":4},"end":{"line":310,"column":44}},"74":{"start":{"line":312,"column":4},"end":{"line":312,"column":15}},"75":{"start":{"line":323,"column":2},"end":{"line":327,"column":3}},"76":{"start":{"line":324,"column":4},"end":{"line":324,"column":43}},"77":{"start":{"line":326,"column":4},"end":{"line":326,"column":15}},"78":{"start":{"line":336,"column":2},"end":{"line":340,"column":3}},"79":{"start":{"line":337,"column":4},"end":{"line":337,"column":34}},"80":{"start":{"line":339,"column":4},"end":{"line":339,"column":15}},"81":{"start":{"line":349,"column":2},"end":{"line":353,"column":3}},"82":{"start":{"line":350,"column":4},"end":{"line":350,"column":34}},"83":{"start":{"line":352,"column":4},"end":{"line":352,"column":15}}},"branchMap":{"1":{"line":65,"type":"binary-expr","locations":[{"start":{"line":65,"column":16},"end":{"line":65,"column":25}},{"start":{"line":65,"column":29},"end":{"line":65,"column":31}}]},"2":{"line":66,"type":"cond-expr","locations":[{"start":{"line":66,"column":52},"end":{"line":66,"column":54}},{"start":{"line":66,"column":57},"end":{"line":66,"column":58}}]},"3":{"line":92,"type":"if","locations":[{"start":{"line":92,"column":4},"end":{"line":92,"column":4}},{"start":{"line":92,"column":4},"end":{"line":92,"column":4}}]},"4":{"line":292,"type":"if","locations":[{"start":{"line":292,"column":4},"end":{"line":292,"column":4}},{"start":{"line":292,"column":4},"end":{"line":292,"column":4}}]}}},"/Users/eduardoboucas/Sites/api-wrapper-core/lib/terminators.js":{"path":"/Users/eduardoboucas/Sites/api-wrapper-core/lib/terminators.js","s":{"1":1,"2":1,"3":0,"4":0,"5":0,"6":0,"7":0,"8":0,"9":0,"10":1,"11":1,"12":1,"13":2,"14":1,"15":1,"16":1,"17":1,"18":0,"19":1,"20":1,"21":1,"22":1,"23":1,"24":1,"25":0,"26":1,"27":1,"28":1,"29":0},"b":{"1":[0,0],"2":[0,0],"3":[0,0],"4":[1,1],"5":[0,1],"6":[1,1],"7":[1,0]},"f":{"1":1,"2":0,"3":1,"4":2,"5":1,"6":1,"7":1,"8":0,"9":1},"fnMap":{"1":{"name":"(anonymous_1)","line":3,"loc":{"start":{"line":3,"column":17},"end":{"line":3,"column":39}}},"2":{"name":"(anonymous_2)","line":12,"loc":{"start":{"line":12,"column":31},"end":{"line":12,"column":51}}},"3":{"name":"(anonymous_3)","line":40,"loc":{"start":{"line":40,"column":32},"end":{"line":40,"column":53}}},"4":{"name":"(anonymous_4)","line":54,"loc":{"start":{"line":54,"column":32},"end":{"line":54,"column":44}}},"5":{"name":"(anonymous_5)","line":74,"loc":{"start":{"line":74,"column":30},"end":{"line":74,"column":49}}},"6":{"name":"(anonymous_6)","line":93,"loc":{"start":{"line":93,"column":35},"end":{"line":93,"column":47}}},"7":{"name":"(anonymous_7)","line":106,"loc":{"start":{"line":106,"column":34},"end":{"line":106,"column":46}}},"8":{"name":"(anonymous_8)","line":121,"loc":{"start":{"line":121,"column":35},"end":{"line":121,"column":56}}},"9":{"name":"(anonymous_9)","line":136,"loc":{"start":{"line":136,"column":32},"end":{"line":136,"column":50}}}},"statementMap":{"1":{"start":{"line":3,"column":0},"end":{"line":150,"column":1}},"2":{"start":{"line":12,"column":2},"end":{"line":31,"column":3}},"3":{"start":{"line":13,"column":4},"end":{"line":15,"column":5}},"4":{"start":{"line":14,"column":6},"end":{"line":14,"column":65}},"5":{"start":{"line":17,"column":4},"end":{"line":19,"column":5}},"6":{"start":{"line":18,"column":6},"end":{"line":18,"column":55}},"7":{"start":{"line":21,"column":4},"end":{"line":23,"column":5}},"8":{"start":{"line":22,"column":6},"end":{"line":22,"column":51}},"9":{"start":{"line":25,"column":4},"end":{"line":30,"column":6}},"10":{"start":{"line":40,"column":2},"end":{"line":46,"column":3}},"11":{"start":{"line":41,"column":4},"end":{"line":45,"column":6}},"12":{"start":{"line":54,"column":2},"end":{"line":66,"column":3}},"13":{"start":{"line":55,"column":4},"end":{"line":57,"column":5}},"14":{"start":{"line":56,"column":6},"end":{"line":56,"column":56}},"15":{"start":{"line":59,"column":4},"end":{"line":65,"column":6}},"16":{"start":{"line":74,"column":2},"end":{"line":85,"column":3}},"17":{"start":{"line":75,"column":4},"end":{"line":77,"column":5}},"18":{"start":{"line":76,"column":6},"end":{"line":76,"column":23}},"19":{"start":{"line":79,"column":4},"end":{"line":84,"column":6}},"20":{"start":{"line":93,"column":2},"end":{"line":98,"column":3}},"21":{"start":{"line":94,"column":4},"end":{"line":97,"column":6}},"22":{"start":{"line":106,"column":2},"end":{"line":111,"column":3}},"23":{"start":{"line":107,"column":4},"end":{"line":110,"column":6}},"24":{"start":{"line":121,"column":2},"end":{"line":127,"column":3}},"25":{"start":{"line":122,"column":4},"end":{"line":126,"column":6}},"26":{"start":{"line":136,"column":2},"end":{"line":149,"column":3}},"27":{"start":{"line":137,"column":4},"end":{"line":139,"column":5}},"28":{"start":{"line":138,"column":6},"end":{"line":138,"column":56}},"29":{"start":{"line":141,"column":4},"end":{"line":148,"column":6}}},"branchMap":{"1":{"line":13,"type":"if","locations":[{"start":{"line":13,"column":4},"end":{"line":13,"column":4}},{"start":{"line":13,"column":4},"end":{"line":13,"column":4}}]},"2":{"line":17,"type":"if","locations":[{"start":{"line":17,"column":4},"end":{"line":17,"column":4}},{"start":{"line":17,"column":4},"end":{"line":17,"column":4}}]},"3":{"line":21,"type":"if","locations":[{"start":{"line":21,"column":4},"end":{"line":21,"column":4}},{"start":{"line":21,"column":4},"end":{"line":21,"column":4}}]},"4":{"line":55,"type":"if","locations":[{"start":{"line":55,"column":4},"end":{"line":55,"column":4}},{"start":{"line":55,"column":4},"end":{"line":55,"column":4}}]},"5":{"line":75,"type":"if","locations":[{"start":{"line":75,"column":4},"end":{"line":75,"column":4}},{"start":{"line":75,"column":4},"end":{"line":75,"column":4}}]},"6":{"line":75,"type":"binary-expr","locations":[{"start":{"line":75,"column":8},"end":{"line":75,"column":15}},{"start":{"line":75,"column":19},"end":{"line":75,"column":42}}]},"7":{"line":137,"type":"if","locations":[{"start":{"line":137,"column":4},"end":{"line":137,"column":4}},{"start":{"line":137,"column":4},"end":{"line":137,"column":4}}]}}}}