TN:
SF:/Users/eduardoboucas/Sites/api-wrapper-core/index.js
FN:3,(anonymous_1)
FNF:1
FNH:1
FNDA:8,(anonymous_1)
DA:3,1
DA:4,8
DA:6,8
DA:23,1
DA:29,1
DA:35,1
DA:37,1
LF:7
LH:7
BRF:0
BRH:0
end_of_record
TN:
SF:/Users/eduardoboucas/Sites/api-wrapper-core/lib/helpers.js
FN:6,(anonymous_1)
FN:16,(anonymous_2)
FN:39,(anonymous_3)
FN:124,(anonymous_4)
FN:146,(anonymous_5)
FN:158,(anonymous_6)
FN:171,(anonymous_7)
FNF:7
FNH:4
FNDA:1,(anonymous_1)
FNDA:3,(anonymous_2)
FNDA:10,(anonymous_3)
FNDA:5,(anonymous_4)
FNDA:0,(anonymous_5)
FNDA:0,(anonymous_6)
FNDA:0,(anonymous_7)
DA:3,1
DA:4,1
DA:6,1
DA:16,1
DA:17,3
DA:18,3
DA:21,3
DA:22,3
DA:25,3
DA:26,3
DA:28,0
DA:39,1
DA:40,10
DA:42,10
DA:44,10
DA:45,10
DA:47,10
DA:48,0
DA:50,10
DA:52,10
DA:53,10
DA:54,10
DA:56,0
DA:60,10
DA:61,2
DA:64,10
DA:65,2
DA:68,10
DA:69,0
DA:72,10
DA:73,2
DA:75,2
DA:76,2
DA:79,2
DA:80,0
DA:83,2
DA:84,0
DA:87,2
DA:88,0
DA:91,2
DA:92,0
DA:95,2
DA:96,0
DA:99,2
DA:100,0
DA:103,2
DA:105,2
DA:106,2
DA:110,10
DA:111,0
DA:114,10
DA:124,1
DA:125,5
DA:126,5
DA:136,5
DA:146,1
DA:147,0
DA:148,0
DA:158,1
DA:159,0
DA:160,0
DA:161,0
DA:171,1
DA:172,0
DA:174,0
DA:175,0
DA:176,0
DA:180,0
LF:68
LH:47
BRDA:17,1,0,3
BRDA:17,1,1,0
BRDA:21,2,0,3
BRDA:21,2,1,0
BRDA:25,3,0,3
BRDA:25,3,1,0
BRDA:40,4,0,10
BRDA:40,4,1,2
BRDA:47,5,0,0
BRDA:47,5,1,10
BRDA:47,6,0,10
BRDA:47,6,1,0
BRDA:50,7,0,10
BRDA:50,7,1,0
BRDA:52,8,0,10
BRDA:52,8,1,0
BRDA:53,9,0,10
BRDA:53,9,1,0
BRDA:60,10,0,2
BRDA:60,10,1,8
BRDA:64,11,0,2
BRDA:64,11,1,8
BRDA:68,12,0,0
BRDA:68,12,1,10
BRDA:72,13,0,2
BRDA:72,13,1,8
BRDA:75,14,0,2
BRDA:75,14,1,0
BRDA:79,15,0,0
BRDA:79,15,1,2
BRDA:83,16,0,0
BRDA:83,16,1,2
BRDA:87,17,0,0
BRDA:87,17,1,2
BRDA:91,18,0,0
BRDA:91,18,1,2
BRDA:95,19,0,0
BRDA:95,19,1,2
BRDA:99,20,0,0
BRDA:99,20,1,2
BRDA:105,21,0,2
BRDA:105,21,1,0
BRDA:110,22,0,0
BRDA:110,22,1,10
BRDA:147,23,0,0
BRDA:147,23,1,0
BRDA:147,24,0,0
BRDA:147,24,1,0
BRDA:175,25,0,0
BRDA:175,25,1,0
BRF:50
BRH:26
end_of_record
TN:
SF:/Users/eduardoboucas/Sites/api-wrapper-core/lib/filters.js
FN:3,(anonymous_1)
FN:11,(anonymous_2)
FN:24,(anonymous_3)
FN:37,(anonymous_4)
FN:50,(anonymous_5)
FN:64,(anonymous_6)
FN:78,(anonymous_7)
FN:91,(anonymous_8)
FN:95,(anonymous_9)
FN:112,(anonymous_10)
FN:125,(anonymous_11)
FN:139,(anonymous_12)
FN:153,(anonymous_13)
FN:167,(anonymous_14)
FN:180,(anonymous_15)
FN:194,(anonymous_16)
FN:207,(anonymous_17)
FN:221,(anonymous_18)
FN:235,(anonymous_19)
FN:249,(anonymous_20)
FN:263,(anonymous_21)
FN:277,(anonymous_22)
FN:291,(anonymous_23)
FN:309,(anonymous_24)
FN:323,(anonymous_25)
FN:336,(anonymous_26)
FN:349,(anonymous_27)
FNF:27
FNH:6
FNDA:1,(anonymous_1)
FNDA:0,(anonymous_2)
FNDA:1,(anonymous_3)
FNDA:8,(anonymous_4)
FNDA:0,(anonymous_5)
FNDA:0,(anonymous_6)
FNDA:8,(anonymous_7)
FNDA:0,(anonymous_8)
FNDA:0,(anonymous_9)
FNDA:8,(anonymous_10)
FNDA:0,(anonymous_11)
FNDA:0,(anonymous_12)
FNDA:0,(anonymous_13)
FNDA:0,(anonymous_14)
FNDA:0,(anonymous_15)
FNDA:0,(anonymous_16)
FNDA:0,(anonymous_17)
FNDA:3,(anonymous_18)
FNDA:0,(anonymous_19)
FNDA:0,(anonymous_20)
FNDA:0,(anonymous_21)
FNDA:0,(anonymous_22)
FNDA:0,(anonymous_23)
FNDA:0,(anonymous_24)
FNDA:0,(anonymous_25)
FNDA:0,(anonymous_26)
FNDA:0,(anonymous_27)
DA:3,1
DA:11,1
DA:12,0
DA:14,0
DA:24,1
DA:25,1
DA:27,1
DA:37,1
DA:38,8
DA:40,8
DA:50,1
DA:51,0
DA:53,0
DA:64,1
DA:65,0
DA:66,0
DA:68,0
DA:78,1
DA:79,8
DA:81,8
DA:91,1
DA:92,0
DA:93,0
DA:95,0
DA:96,0
DA:99,0
DA:102,0
DA:112,1
DA:113,8
DA:115,8
DA:125,1
DA:126,0
DA:128,0
DA:139,1
DA:140,0
DA:142,0
DA:153,1
DA:154,0
DA:156,0
DA:167,1
DA:168,0
DA:170,0
DA:180,1
DA:181,0
DA:183,0
DA:194,1
DA:195,0
DA:197,0
DA:207,1
DA:208,0
DA:210,0
DA:221,1
DA:222,3
DA:224,3
DA:235,1
DA:236,0
DA:238,0
DA:249,1
DA:250,0
DA:252,0
DA:263,1
DA:264,0
DA:266,0
DA:277,1
DA:278,0
DA:280,0
DA:291,1
DA:292,0
DA:293,0
DA:295,0
DA:298,0
DA:309,1
DA:310,0
DA:312,0
DA:323,1
DA:324,0
DA:326,0
DA:336,1
DA:337,0
DA:339,0
DA:349,1
DA:350,0
DA:352,0
LF:83
LH:36
BRDA:65,1,0,0
BRDA:65,1,1,0
BRDA:66,2,0,0
BRDA:66,2,1,0
BRDA:92,3,0,0
BRDA:92,3,1,0
BRDA:292,4,0,0
BRDA:292,4,1,0
BRF:8
BRH:0
end_of_record
TN:
SF:/Users/eduardoboucas/Sites/api-wrapper-core/lib/terminators.js
FN:3,(anonymous_1)
FN:12,(anonymous_2)
FN:40,(anonymous_3)
FN:54,(anonymous_4)
FN:74,(anonymous_5)
FN:93,(anonymous_6)
FN:106,(anonymous_7)
FN:121,(anonymous_8)
FN:136,(anonymous_9)
FNF:9
FNH:7
FNDA:1,(anonymous_1)
FNDA:0,(anonymous_2)
FNDA:1,(anonymous_3)
FNDA:2,(anonymous_4)
FNDA:1,(anonymous_5)
FNDA:1,(anonymous_6)
FNDA:1,(anonymous_7)
FNDA:0,(anonymous_8)
FNDA:1,(anonymous_9)
DA:3,1
DA:12,1
DA:13,0
DA:14,0
DA:17,0
DA:18,0
DA:21,0
DA:22,0
DA:25,0
DA:40,1
DA:41,1
DA:54,1
DA:55,2
DA:56,1
DA:59,1
DA:74,1
DA:75,1
DA:76,0
DA:79,1
DA:93,1
DA:94,1
DA:106,1
DA:107,1
DA:121,1
DA:122,0
DA:136,1
DA:137,1
DA:138,1
DA:141,0
LF:29
LH:19
BRDA:13,1,0,0
BRDA:13,1,1,0
BRDA:17,2,0,0
BRDA:17,2,1,0
BRDA:21,3,0,0
BRDA:21,3,1,0
BRDA:55,4,0,1
BRDA:55,4,1,1
BRDA:75,5,0,0
BRDA:75,5,1,1
BRDA:75,6,0,1
BRDA:75,6,1,1
BRDA:137,7,0,1
BRDA:137,7,1,0
BRF:14
BRH:6
end_of_record
